<?xml version="1.0" encoding="UTF-8"?>
<!-- Generated by org.testng.reporters.JUnitReportReporter -->
<testsuite skipped="0" hostname="ENIAC" name="day10_testNG.count_USPS_Tabs" tests="1" failures="0" timestamp="19 May 2018 16:12:29 GMT" time="9.290" errors="0">
  <testcase name="testScenario" time="9.290" classname="day10_testNG.count_USPS_Tabs"/>
</testsuite> <!-- day10_testNG.count_USPS_Tabs -->
