<?xml version="1.0" encoding="UTF-8"?>
<!-- Generated by org.testng.reporters.JUnitReportReporter -->
<testsuite skipped="0" hostname="ENIAC" name="day11_testNG_05122018.ExtentReport_TestNG" tests="1" failures="0" timestamp="17 May 2018 15:26:23 GMT" time="8.321" errors="0">
  <testcase name="testScenario" time="8.321" classname="day11_testNG_05122018.ExtentReport_TestNG"/>
</testsuite> <!-- day11_testNG_05122018.ExtentReport_TestNG -->
