<?xml version="1.0" encoding="UTF-8"?>
<!-- Generated by org.testng.reporters.JUnitReportReporter -->
<testsuite skipped="0" hostname="ENIAC" name="actionItems_testNG.actionItem_7" tests="2" failures="0" timestamp="18 May 2018 00:53:43 GMT" time="35.306" errors="0">
  <testcase name="testScenario" time="24.753" classname="actionItems_testNG.actionItem_7"/>
  <testcase name="testScenario2" time="10.553" classname="actionItems_testNG.actionItem_7"/>
</testsuite> <!-- actionItems_testNG.actionItem_7 -->
