<?xml version="1.0" encoding="UTF-8"?>
<!-- Generated by org.testng.reporters.JUnitReportReporter -->
<testsuite skipped="0" hostname="ENIAC" name="day10_testNG.yahoo_actionItem" tests="1" failures="0" timestamp="06 May 2018 22:26:00 GMT" time="22.795" errors="0">
  <testcase name="testScenario" time="22.795" classname="day10_testNG.yahoo_actionItem"/>
</testsuite> <!-- day10_testNG.yahoo_actionItem -->
