<?xml version="1.0" encoding="UTF-8"?>
<!-- Generated by org.testng.reporters.JUnitReportReporter -->
<testsuite skipped="0" hostname="ENIAC" name="day12_XMLSuite_05192018.ExtentReport_TestNG" tests="1" failures="0" timestamp="19 May 2018 16:03:02 GMT" time="4.079" errors="0">
  <testcase name="testScenario" time="4.079" classname="day12_XMLSuite_05192018.ExtentReport_TestNG"/>
</testsuite> <!-- day12_XMLSuite_05192018.ExtentReport_TestNG -->
