<?xml version="1.0" encoding="UTF-8"?>
<!-- Generated by org.testng.reporters.JUnitReportReporter -->
<testsuite skipped="0" hostname="ENIAC" name="day11_testNG_05122018.ActionItem_Express" tests="2" failures="0" timestamp="12 May 2018 17:27:47 GMT" time="21.848" errors="0">
  <testcase name="testCase2" time="2.797" classname="day11_testNG_05122018.ActionItem_Express"/>
  <testcase name="testCase1" time="19.051" classname="day11_testNG_05122018.ActionItem_Express"/>
</testsuite> <!-- day11_testNG_05122018.ActionItem_Express -->
