<?xml version="1.0" encoding="UTF-8"?>
<!-- Generated by org.testng.reporters.JUnitReportReporter -->
<testsuite skipped="0" hostname="ENIAC" name="day12_XMLSuite_05192018.ActionItem_Express" tests="2" failures="0" timestamp="19 May 2018 16:12:29 GMT" time="34.646" errors="0">
  <testcase name="testCase2" time="3.227" classname="day12_XMLSuite_05192018.ActionItem_Express"/>
  <testcase name="testCase1" time="31.419" classname="day12_XMLSuite_05192018.ActionItem_Express"/>
</testsuite> <!-- day12_XMLSuite_05192018.ActionItem_Express -->
