<?xml version="1.0" encoding="UTF-8"?>
<!-- Generated by org.testng.reporters.JUnitReportReporter -->
<testsuite skipped="0" hostname="ENIAC" name="actionItems_testNG.actionItem_6" tests="1" failures="0" timestamp="12 May 2018 15:29:22 GMT" time="31.296" errors="0">
  <testcase name="testCase" time="31.296" classname="actionItems_testNG.actionItem_6"/>
</testsuite> <!-- actionItems_testNG.actionItem_6 -->
